<?xml version="1.0" encoding="UTF-8"?>
<!-- Generated by org.testng.reporters.JUnitReportReporter -->
<testsuite hostname="liMac.local" failures="0" tests="2" name="org.jpwh.test.advanced.GeneratedProperties" time="0.483" errors="0" timestamp="31 Aug 2020 01:03:57 GMT">
  <testcase classname="org.jpwh.test.advanced.GeneratedProperties" name="storeLoadInitialPrice" time="0.226"/>
  <testcase classname="org.jpwh.test.advanced.GeneratedProperties" name="storeLoadLastModified" time="0.257"/>
</testsuite> <!-- org.jpwh.test.advanced.GeneratedProperties -->
