<?xml version="1.0" encoding="UTF-8"?>
<!-- Generated by org.testng.reporters.JUnitReportReporter -->
<testsuite hostname="liMac.local" failures="0" tests="2" name="org.jpwh.test.bulkbatch.BulkStatementsSQL" time="0.444" errors="0" timestamp="31 Aug 2020 01:03:57 GMT">
  <testcase classname="org.jpwh.test.bulkbatch.BulkStatementsSQL" name="bulkUpdate" time="0.222"/>
  <testcase classname="org.jpwh.test.bulkbatch.BulkStatementsSQL" name="bulkUpdateHibernate" time="0.222"/>
</testsuite> <!-- org.jpwh.test.bulkbatch.BulkStatementsSQL -->
