<?xml version="1.0" encoding="UTF-8"?>
<!-- Generated by org.testng.reporters.JUnitReportReporter -->
<testsuite hostname="liMac.local" failures="0" tests="2" name="org.jpwh.test.advanced.DerivedProperties" time="0.486" errors="0" timestamp="31 Aug 2020 01:03:57 GMT">
  <testcase classname="org.jpwh.test.advanced.DerivedProperties" name="storeLoadFormulaSubselect" time="0.221"/>
  <testcase classname="org.jpwh.test.advanced.DerivedProperties" name="storeLoadFormula" time="0.265"/>
</testsuite> <!-- org.jpwh.test.advanced.DerivedProperties -->
