<?xml version="1.0" encoding="UTF-8"?>
<!-- Generated by org.testng.reporters.JUnitReportReporter -->
<testsuite hostname="liMac.local" failures="0" tests="2" name="org.jpwh.test.fetching.ReadOnly" time="1.446" errors="0" timestamp="31 Aug 2020 01:03:57 GMT">
  <testcase classname="org.jpwh.test.fetching.ReadOnly" name="immutableEntity" time="1.151"/>
  <testcase classname="org.jpwh.test.fetching.ReadOnly" name="selectiveReadOnly" time="0.295"/>
</testsuite> <!-- org.jpwh.test.fetching.ReadOnly -->
