<?xml version="1.0" encoding="UTF-8"?>
<!-- Generated by org.testng.reporters.JUnitReportReporter -->
<testsuite hostname="liMac.local" failures="0" tests="6" name="org.jpwh.test.concurrency.Locking" time="3.142" errors="0" timestamp="31 Aug 2020 01:03:57 GMT">
  <testcase classname="org.jpwh.test.concurrency.Locking" name="extendedLock" time="0.179"/>
  <testcase classname="org.jpwh.test.concurrency.Locking" name="manualVersionChecking" time="0.201"/>
  <testcase classname="org.jpwh.test.concurrency.Locking" name="firstCommitWins" time="0.173"/>
  <testcase classname="org.jpwh.test.concurrency.Locking" name="findLock" time="0.192"/>
  <testcase classname="org.jpwh.test.concurrency.Locking" name="forceIncrement" time="0.211"/>
  <testcase classname="org.jpwh.test.concurrency.Locking" name="pessimisticReadWrite" time="2.186"/>
</testsuite> <!-- org.jpwh.test.concurrency.Locking -->
