<?xml version="1.0" encoding="UTF-8"?>
<!-- Generated by org.testng.reporters.JUnitReportReporter -->
<testsuite hostname="liMac.local" failures="0" tests="2" name="org.jpwh.test.advanced.LazyProperties" time="0.509" errors="0" timestamp="31 Aug 2020 01:03:57 GMT">
  <testcase classname="org.jpwh.test.advanced.LazyProperties" name="storeLoadProperties" time="0.273"/>
  <testcase classname="org.jpwh.test.advanced.LazyProperties" name="storeLoadLocator" time="0.236"/>
</testsuite> <!-- org.jpwh.test.advanced.LazyProperties -->
