<?xml version="1.0" encoding="UTF-8"?>
<!-- Generated by org.testng.reporters.JUnitReportReporter -->
<testsuite hostname="liMac.local" failures="0" tests="1" name="org.jpwh.test.inheritance.PolymorphicOneToMany" time="0.347" errors="0" timestamp="31 Aug 2020 01:03:57 GMT">
  <testcase classname="org.jpwh.test.inheritance.PolymorphicOneToMany" name="storeAndLoadItemBids" time="0.347"/>
</testsuite> <!-- org.jpwh.test.inheritance.PolymorphicOneToMany -->
