<?xml version="1.0" encoding="UTF-8"?>
<!-- Generated by org.testng.reporters.JUnitReportReporter -->
<testsuite hostname="liMac.local" failures="0" tests="1" name="org.jpwh.test.collections.SetOfStringsOrderBy" time="0.184" errors="0" timestamp="31 Aug 2020 01:03:57 GMT">
  <testcase classname="org.jpwh.test.collections.SetOfStringsOrderBy" name="storeLoadCollection" time="0.184"/>
</testsuite> <!-- org.jpwh.test.collections.SetOfStringsOrderBy -->
