<?xml version="1.0" encoding="UTF-8"?>
<!-- Generated by org.testng.reporters.JUnitReportReporter -->
<testsuite hostname="liMac.local" failures="0" tests="2" name="org.jpwh.test.associations.OneToOneForeignKey" time="0.403" errors="0" timestamp="31 Aug 2020 01:03:57 GMT">
  <testcase classname="org.jpwh.test.associations.OneToOneForeignKey" name="storeAndLoadUserAddress" time="0.215"/>
  <testcase classname="org.jpwh.test.associations.OneToOneForeignKey" name="storeNonUniqueRelationship" time="0.188"/>
</testsuite> <!-- org.jpwh.test.associations.OneToOneForeignKey -->
