<?xml version="1.0" encoding="UTF-8"?>
<!-- Generated by org.testng.reporters.JUnitReportReporter -->
<testsuite hostname="liMac.local" failures="0" tests="4" name="org.jpwh.test.fetching.FetchLoadGraph" time="0.894" errors="0" timestamp="31 Aug 2020 01:03:57 GMT">
  <testcase classname="org.jpwh.test.fetching.FetchLoadGraph" name="loadItemSeller" time="0.223"/>
  <testcase classname="org.jpwh.test.fetching.FetchLoadGraph" name="loadBidBidderItem" time="0.208"/>
  <testcase classname="org.jpwh.test.fetching.FetchLoadGraph" name="loadItem" time="0.228"/>
  <testcase classname="org.jpwh.test.fetching.FetchLoadGraph" name="loadBidBidderItemSellerBids" time="0.235"/>
</testsuite> <!-- org.jpwh.test.fetching.FetchLoadGraph -->
