<?xml version="1.0" encoding="UTF-8"?>
<!-- Generated by org.testng.reporters.JUnitReportReporter -->
<testsuite hostname="liMac.local" failures="0" tests="1" name="org.jpwh.test.collections.MapOfStrings" time="0.181" errors="0" timestamp="31 Aug 2020 01:03:57 GMT">
  <testcase classname="org.jpwh.test.collections.MapOfStrings" name="storeLoadCollection" time="0.181"/>
</testsuite> <!-- org.jpwh.test.collections.MapOfStrings -->
