<?xml version="1.0" encoding="UTF-8"?>
<!-- Generated by org.testng.reporters.JUnitReportReporter -->
<testsuite hostname="liMac.local" failures="0" tests="2" name="org.jpwh.test.fetching.LazyProxyCollections" time="0.854" errors="0" timestamp="31 Aug 2020 01:03:57 GMT">
  <testcase classname="org.jpwh.test.fetching.LazyProxyCollections" name="lazyEntityProxies" time="0.441"/>
  <testcase classname="org.jpwh.test.fetching.LazyProxyCollections" name="lazyCollections" time="0.413"/>
</testsuite> <!-- org.jpwh.test.fetching.LazyProxyCollections -->
