<?xml version="1.0" encoding="UTF-8"?>
<!-- Generated by org.testng.reporters.JUnitReportReporter -->
<testsuite hostname="liMac.local" failures="0" tests="2" name="org.jpwh.test.converter.Converters" time="0.432" errors="0" timestamp="31 Aug 2020 01:03:57 GMT">
  <testcase classname="org.jpwh.test.converter.Converters" name="storeLoadMonetaryAmount" time="0.248"/>
  <testcase classname="org.jpwh.test.converter.Converters" name="storeAndLoadZipcode" time="0.184"/>
</testsuite> <!-- org.jpwh.test.converter.Converters -->
