<?xml version="1.0" encoding="UTF-8"?>
<!-- Generated by org.testng.reporters.JUnitReportReporter -->
<testsuite hostname="liMac.local" failures="0" tests="3" name="org.jpwh.test.concurrency.Versioning" time="0.668" errors="0" timestamp="31 Aug 2020 01:03:57 GMT">
  <testcase classname="org.jpwh.test.concurrency.Versioning" name="firstCommitWins" time="0.222"/>
  <testcase classname="org.jpwh.test.concurrency.Versioning" name="forceIncrement" time="0.220"/>
  <testcase classname="org.jpwh.test.concurrency.Versioning" name="manualVersionChecking" time="0.226"/>
</testsuite> <!-- org.jpwh.test.concurrency.Versioning -->
