<?xml version="1.0" encoding="UTF-8"?>
<!-- Generated by org.testng.reporters.JUnitReportReporter -->
<testsuite hostname="liMac.local" failures="0" tests="1" name="org.jpwh.test.advanced.Enum" time="0.197" errors="0" timestamp="31 Aug 2020 01:03:57 GMT">
  <testcase classname="org.jpwh.test.advanced.Enum" name="storeLoadEnum" time="0.197"/>
</testsuite> <!-- org.jpwh.test.advanced.Enum -->
