<?xml version="1.0" encoding="UTF-8"?>
<!-- Generated by org.testng.reporters.JUnitReportReporter -->
<testsuite hostname="liMac.local" failures="0" tests="3" name="org.jpwh.test.filtering.Cascade" time="0.810" errors="0" timestamp="31 Aug 2020 01:03:57 GMT">
  <testcase classname="org.jpwh.test.filtering.Cascade" name="refresh" time="0.309"/>
  <testcase classname="org.jpwh.test.filtering.Cascade" name="replicate" time="0.258"/>
  <testcase classname="org.jpwh.test.filtering.Cascade" name="detachMerge" time="0.243"/>
</testsuite> <!-- org.jpwh.test.filtering.Cascade -->
