<?xml version="1.0" encoding="UTF-8"?>
<!-- Generated by org.testng.reporters.JUnitReportReporter -->
<testsuite hostname="liMac.local" failures="0" tests="7" name="org.jpwh.test.complexschemas.CustomSchema" time="1.606" errors="0" timestamp="31 Aug 2020 01:03:57 GMT">
  <testcase classname="org.jpwh.test.complexschemas.CustomSchema" name="storeLoadCheckSingleRowInvalid" time="0.284"/>
  <testcase classname="org.jpwh.test.complexschemas.CustomSchema" name="storeLoadValid" time="0.219"/>
  <testcase classname="org.jpwh.test.complexschemas.CustomSchema" name="storeLoadCheckColumnInvalid" time="0.260"/>
  <testcase classname="org.jpwh.test.complexschemas.CustomSchema" name="storeLoadDomainInvalid" time="0.223"/>
  <testcase classname="org.jpwh.test.complexschemas.CustomSchema" name="storeLoadUniqueMultiColumnValid" time="0.204"/>
  <testcase classname="org.jpwh.test.complexschemas.CustomSchema" name="configurePersistenceUnit" time="0.202"/>
  <testcase classname="org.jpwh.test.complexschemas.CustomSchema" name="storeLoadCheckSubselectValid" time="0.214"/>
</testsuite> <!-- org.jpwh.test.complexschemas.CustomSchema -->
