<?xml version="1.0" encoding="UTF-8"?>
<!-- Generated by org.testng.reporters.JUnitReportReporter -->
<testsuite hostname="liMac.local" failures="0" tests="1" name="org.jpwh.test.associations.OneToManyOnDeleteCascade" time="0.241" errors="0" timestamp="31 Aug 2020 01:03:57 GMT">
  <testcase classname="org.jpwh.test.associations.OneToManyOnDeleteCascade" name="storeAndLoadItemBids" time="0.241"/>
</testsuite> <!-- org.jpwh.test.associations.OneToManyOnDeleteCascade -->
