<?xml version="1.0" encoding="UTF-8"?>
<!-- Generated by org.testng.reporters.JUnitReportReporter -->
<testsuite hostname="liMac.local" failures="0" tests="2" name="org.jpwh.test.filtering.DynamicFilter" time="0.441" errors="0" timestamp="31 Aug 2020 01:03:57 GMT">
  <testcase classname="org.jpwh.test.filtering.DynamicFilter" name="filterCollection" time="0.202"/>
  <testcase classname="org.jpwh.test.filtering.DynamicFilter" name="filterItems" time="0.239"/>
</testsuite> <!-- org.jpwh.test.filtering.DynamicFilter -->
