<?xml version="1.0" encoding="UTF-8"?>
<!-- Generated by org.testng.reporters.JUnitReportReporter -->
<testsuite hostname="liMac.local" failures="0" tests="2" name="org.jpwh.test.conversation.ExtendedPC" time="0.375" errors="0" timestamp="31 Aug 2020 01:03:57 GMT">
  <testcase classname="org.jpwh.test.conversation.ExtendedPC" name="conversationCreateItem" time="0.190"/>
  <testcase classname="org.jpwh.test.conversation.ExtendedPC" name="conversationEditItem" time="0.185"/>
</testsuite> <!-- org.jpwh.test.conversation.ExtendedPC -->
