<?xml version="1.0" encoding="UTF-8"?>
<!-- Generated by org.testng.reporters.JUnitReportReporter -->
<testsuite hostname="liMac.local" failures="0" tests="3" name="org.jpwh.test.bulkbatch.BulkStatementsCriteria" time="0.680" errors="0" timestamp="31 Aug 2020 01:03:57 GMT">
  <testcase classname="org.jpwh.test.bulkbatch.BulkStatementsCriteria" name="bulkUpdate" time="0.221"/>
  <testcase classname="org.jpwh.test.bulkbatch.BulkStatementsCriteria" name="bulkDelete" time="0.231"/>
  <testcase classname="org.jpwh.test.bulkbatch.BulkStatementsCriteria" name="bulkUpdateVersioned" time="0.228"/>
</testsuite> <!-- org.jpwh.test.bulkbatch.BulkStatementsCriteria -->
