<?xml version="1.0" encoding="UTF-8"?>
<!-- Generated by org.testng.reporters.JUnitReportReporter -->
<testsuite hostname="liMac.local" failures="0" tests="1" name="org.jpwh.test.advanced.AccessType" time="0.284" errors="0" timestamp="31 Aug 2020 01:03:57 GMT">
  <testcase classname="org.jpwh.test.advanced.AccessType" name="storeLoadAccessType" time="0.284"/>
</testsuite> <!-- org.jpwh.test.advanced.AccessType -->
