<?xml version="1.0" encoding="UTF-8"?>
<!-- Generated by org.testng.reporters.JUnitReportReporter -->
<testsuite hostname="liMac.local" failures="0" tests="5" name="org.jpwh.test.cache.SecondLevel" time="1.226" errors="0" timestamp="31 Aug 2020 01:03:57 GMT">
  <testcase classname="org.jpwh.test.cache.SecondLevel" name="cacheQueryResults" time="0.201"/>
  <testcase classname="org.jpwh.test.cache.SecondLevel" name="cacheBehavior" time="0.242"/>
  <testcase classname="org.jpwh.test.cache.SecondLevel" name="cacheNaturalId" time="0.315"/>
  <testcase classname="org.jpwh.test.cache.SecondLevel" name="cacheModes" time="0.249"/>
  <testcase classname="org.jpwh.test.cache.SecondLevel" name="cacheControl" time="0.219"/>
</testsuite> <!-- org.jpwh.test.cache.SecondLevel -->
