<?xml version="1.0" encoding="UTF-8"?>
<!-- Generated by org.testng.reporters.JUnitReportReporter -->
<testsuite hostname="liMac.local" failures="0" tests="4" name="org.jpwh.test.inheritance.MappedSuperclass" time="1.000" errors="0" timestamp="31 Aug 2020 01:03:57 GMT">
  <testcase classname="org.jpwh.test.inheritance.MappedSuperclass" name="jdbcSqlQueryCreditCard" time="0.273"/>
  <testcase classname="org.jpwh.test.inheritance.MappedSuperclass" name="storeBillingDetailsLoadCreditCards" time="0.229"/>
  <testcase classname="org.jpwh.test.inheritance.MappedSuperclass" name="storeLoadBillingDetails" time="0.270"/>
  <testcase classname="org.jpwh.test.inheritance.MappedSuperclass" name="jdbcSqlQueryBankAccount" time="0.228"/>
</testsuite> <!-- org.jpwh.test.inheritance.MappedSuperclass -->
