<?xml version="1.0" encoding="UTF-8"?>
<!-- Generated by org.testng.reporters.JUnitReportReporter -->
<testsuite hostname="liMac.local" failures="0" tests="2" name="org.jpwh.test.fetching.NPlusOneSelects" time="0.454" errors="0" timestamp="31 Aug 2020 01:03:57 GMT">
  <testcase classname="org.jpwh.test.fetching.NPlusOneSelects" name="fetchUsers" time="0.266"/>
  <testcase classname="org.jpwh.test.fetching.NPlusOneSelects" name="fetchBids" time="0.188"/>
</testsuite> <!-- org.jpwh.test.fetching.NPlusOneSelects -->
